<?xml version="1.0" encoding="UTF-8"?>
<!-- Generated by org.testng.reporters.JUnitReportReporter -->
<testsuite hostname="DESKTOP-V1HFTJ3" failures="0" tests="2" name="com.tests.automation.java.testng.TestHome" time="11.331" errors="0" timestamp="14 Nov 2024 11:59:36 GMT">
  <testcase classname="com.tests.automation.java.testng.TestHome" name="HomePageMethod" time="11.322"/>
  <testcase classname="com.tests.automation.java.testng.TestHome" name="ValidatesmokeTest" time="0.009"/>
</testsuite> <!-- com.tests.automation.java.testng.TestHome -->
