<?xml version="1.0" encoding="UTF-8"?>
<testsuite xmlns:xsi="http://www.w3.org/2001/XMLSchema-instance" xsi:noNamespaceSchemaLocation="https://maven.apache.org/surefire/maven-surefire-plugin/xsd/surefire-test-report.xsd" version="3.0.2" name="TestSuite" time="24.232" tests="5" errors="0" skipped="0" failures="1">
  <properties>
    <property name="sun.desktop" value="windows"/>
    <property name="awt.toolkit" value="sun.awt.windows.WToolkit"/>
    <property name="java.specification.version" value="11"/>
    <property name="sun.cpu.isalist" value="amd64"/>
    <property name="sun.jnu.encoding" value="Cp1252"/>
    <property name="java.class.path" value="C:\Wokspace\MasterTestNGFramework\target\test-classes;C:\Wokspace\MasterTestNGFramework\target\classes;C:\Users\Vijay\.m2\repository\io\github\qsy7\java\modules\browser\drivers\chromedriver\0.3.3\chromedriver-0.3.3.jar;C:\Users\Vijay\.m2\repository\org\seleniumhq\selenium\selenium-chrome-driver\4.16.1\selenium-chrome-driver-4.16.1.jar;C:\Users\Vijay\.m2\repository\com\google\auto\service\auto-service-annotations\1.1.1\auto-service-annotations-1.1.1.jar;C:\Users\Vijay\.m2\repository\org\seleniumhq\selenium\selenium-api\4.16.1\selenium-api-4.16.1.jar;C:\Users\Vijay\.m2\repository\org\seleniumhq\selenium\selenium-chromium-driver\4.16.1\selenium-chromium-driver-4.16.1.jar;C:\Users\Vijay\.m2\repository\org\seleniumhq\selenium\selenium-json\4.16.1\selenium-json-4.16.1.jar;C:\Users\Vijay\.m2\repository\org\seleniumhq\selenium\selenium-manager\4.16.1\selenium-manager-4.16.1.jar;C:\Users\Vijay\.m2\repository\org\seleniumhq\selenium\selenium-os\4.16.1\selenium-os-4.16.1.jar;C:\Users\Vijay\.m2\repository\org\apache\commons\commons-exec\1.3\commons-exec-1.3.jar;C:\Users\Vijay\.m2\repository\org\seleniumhq\selenium\selenium-remote-driver\4.16.1\selenium-remote-driver-4.16.1.jar;C:\Users\Vijay\.m2\repository\com\google\guava\guava\32.1.2-jre\guava-32.1.2-jre.jar;C:\Users\Vijay\.m2\repository\com\google\guava\failureaccess\1.0.1\failureaccess-1.0.1.jar;C:\Users\Vijay\.m2\repository\com\google\guava\listenablefuture\9999.0-empty-to-avoid-conflict-with-guava\listenablefuture-9999.0-empty-to-avoid-conflict-with-guava.jar;C:\Users\Vijay\.m2\repository\com\google\code\findbugs\jsr305\3.0.2\jsr305-3.0.2.jar;C:\Users\Vijay\.m2\repository\org\checkerframework\checker-qual\3.33.0\checker-qual-3.33.0.jar;C:\Users\Vijay\.m2\repository\com\google\errorprone\error_prone_annotations\2.18.0\error_prone_annotations-2.18.0.jar;C:\Users\Vijay\.m2\repository\com\google\j2objc\j2objc-annotations\2.8\j2objc-annotations-2.8.jar;C:\Users\Vijay\.m2\repository\io\opentelemetry\opentelemetry-api\1.28.0\opentelemetry-api-1.28.0.jar;C:\Users\Vijay\.m2\repository\io\opentelemetry\opentelemetry-context\1.28.0\opentelemetry-context-1.28.0.jar;C:\Users\Vijay\.m2\repository\io\opentelemetry\opentelemetry-exporter-logging\1.28.0\opentelemetry-exporter-logging-1.28.0.jar;C:\Users\Vijay\.m2\repository\io\opentelemetry\opentelemetry-sdk-metrics\1.28.0\opentelemetry-sdk-metrics-1.28.0.jar;C:\Users\Vijay\.m2\repository\io\opentelemetry\opentelemetry-extension-incubator\1.28.0-alpha\opentelemetry-extension-incubator-1.28.0-alpha.jar;C:\Users\Vijay\.m2\repository\io\opentelemetry\opentelemetry-sdk-logs\1.28.0\opentelemetry-sdk-logs-1.28.0.jar;C:\Users\Vijay\.m2\repository\io\opentelemetry\opentelemetry-sdk-common\1.28.0\opentelemetry-sdk-common-1.28.0.jar;C:\Users\Vijay\.m2\repository\io\opentelemetry\opentelemetry-sdk-extension-autoconfigure-spi\1.28.0\opentelemetry-sdk-extension-autoconfigure-spi-1.28.0.jar;C:\Users\Vijay\.m2\repository\io\opentelemetry\opentelemetry-sdk-extension-autoconfigure\1.28.0\opentelemetry-sdk-extension-autoconfigure-1.28.0.jar;C:\Users\Vijay\.m2\repository\io\opentelemetry\opentelemetry-api-events\1.28.0-alpha\opentelemetry-api-events-1.28.0-alpha.jar;C:\Users\Vijay\.m2\repository\io\opentelemetry\opentelemetry-sdk-trace\1.28.0\opentelemetry-sdk-trace-1.28.0.jar;C:\Users\Vijay\.m2\repository\io\opentelemetry\opentelemetry-sdk\1.28.0\opentelemetry-sdk-1.28.0.jar;C:\Users\Vijay\.m2\repository\io\opentelemetry\opentelemetry-semconv\1.28.0-alpha\opentelemetry-semconv-1.28.0-alpha.jar;C:\Users\Vijay\.m2\repository\net\bytebuddy\byte-buddy\1.14.5\byte-buddy-1.14.5.jar;C:\Users\Vijay\.m2\repository\org\seleniumhq\selenium\selenium-http\4.16.1\selenium-http-4.16.1.jar;C:\Users\Vijay\.m2\repository\dev\failsafe\failsafe\3.3.2\failsafe-3.3.2.jar;C:\Users\Vijay\.m2\repository\io\github\qsy7\java\modules\browser\api\service\0.3.3\service-0.3.3.jar;C:\Users\Vijay\.m2\repository\io\github\qsy7\java\modules\browser\api\model\0.3.3\model-0.3.3.jar;C:\Users\Vijay\.m2\repository\io\github\qsy7\java\infrastructure\property\api\0.3.3\api-0.3.3.jar;C:\Users\Vijay\.m2\repository\org\reflections\reflections\0.10.2\reflections-0.10.2.jar;C:\Users\Vijay\.m2\repository\org\javassist\javassist\3.28.0-GA\javassist-3.28.0-GA.jar;C:\Users\Vijay\.m2\repository\org\dom4j\dom4j\2.1.4\dom4j-2.1.4.jar;C:\Users\Vijay\.m2\repository\io\github\qsy7\java\modules\identity\api\model\0.3.3\model-0.3.3.jar;C:\Users\Vijay\.m2\repository\io\github\qsy7\java\modules\person\api\model\0.3.3\model-0.3.3.jar;C:\Users\Vijay\.m2\repository\org\passay\passay\1.6.4\passay-1.6.4.jar;C:\Users\Vijay\.m2\repository\io\github\qsy7\java\modules\serialization\api\service\0.3.3\service-0.3.3.jar;C:\Users\Vijay\.m2\repository\io\github\qsy7\java\modules\serialization\api\model\0.3.3\model-0.3.3.jar;C:\Users\Vijay\.m2\repository\io\github\qsy7\java\modules\keep-alive\0.3.3\keep-alive-0.3.3.jar;C:\Users\Vijay\.m2\repository\io\github\qsy7\java\modules\file\modules\resources\0.3.3\resources-0.3.3.jar;C:\Users\Vijay\.m2\repository\io\github\qsy7\java\infrastructure\inject\modules\cli\api\0.3.3\api-0.3.3.jar;C:\Users\Vijay\.m2\repository\io\github\qsy7\java\advice\closeable\0.3.3\closeable-0.3.3.jar;C:\Users\Vijay\.m2\repository\net\bytebuddy\byte-buddy-agent\1.14.11\byte-buddy-agent-1.14.11.jar;C:\Users\Vijay\.m2\repository\io\github\qsy7\java\infrastructure\datastore\api\repository\0.3.3\repository-0.3.3.jar;C:\Users\Vijay\.m2\repository\io\github\qsy7\java\infrastructure\datastore\api\model\0.3.3\model-0.3.3.jar;C:\Users\Vijay\.m2\repository\org\datanucleus\javax.jdo\3.2.1\javax.jdo-3.2.1.jar;C:\Users\Vijay\.m2\repository\org\glassfish\corba\glassfish-corba-omgapi\4.2.2\glassfish-corba-omgapi-4.2.2.jar;C:\Users\Vijay\.m2\repository\org\datanucleus\datanucleus-api-jdo\6.0.1\datanucleus-api-jdo-6.0.1.jar;C:\Users\Vijay\.m2\repository\org\datanucleus\datanucleus-core\6.0.6\datanucleus-core-6.0.6.jar;C:\Users\Vijay\.m2\repository\org\datanucleus\datanucleus-jdo-query\6.0.1\datanucleus-jdo-query-6.0.1.jar;C:\Users\Vijay\.m2\repository\javax\transaction\javax.transaction-api\1.3\javax.transaction-api-1.3.jar;C:\Users\Vijay\.m2\repository\org\seleniumhq\selenium\selenium-support\4.16.1\selenium-support-4.16.1.jar;C:\Users\Vijay\.m2\repository\org\seleniumhq\selenium\selenium-java\4.16.1\selenium-java-4.16.1.jar;C:\Users\Vijay\.m2\repository\org\seleniumhq\selenium\selenium-devtools-v118\4.16.1\selenium-devtools-v118-4.16.1.jar;C:\Users\Vijay\.m2\repository\org\seleniumhq\selenium\selenium-devtools-v119\4.16.1\selenium-devtools-v119-4.16.1.jar;C:\Users\Vijay\.m2\repository\org\seleniumhq\selenium\selenium-devtools-v120\4.16.1\selenium-devtools-v120-4.16.1.jar;C:\Users\Vijay\.m2\repository\org\seleniumhq\selenium\selenium-devtools-v85\4.16.1\selenium-devtools-v85-4.16.1.jar;C:\Users\Vijay\.m2\repository\org\seleniumhq\selenium\selenium-edge-driver\4.16.1\selenium-edge-driver-4.16.1.jar;C:\Users\Vijay\.m2\repository\org\seleniumhq\selenium\selenium-firefox-driver\4.16.1\selenium-firefox-driver-4.16.1.jar;C:\Users\Vijay\.m2\repository\org\seleniumhq\selenium\selenium-ie-driver\4.16.1\selenium-ie-driver-4.16.1.jar;C:\Users\Vijay\.m2\repository\org\seleniumhq\selenium\selenium-safari-driver\4.16.1\selenium-safari-driver-4.16.1.jar;C:\Users\Vijay\.m2\repository\io\github\qsy7\java\modules\browser\impl\0.3.3\impl-0.3.3.jar;C:\Users\Vijay\.m2\repository\io\github\qsy7\java\modules\file\api\model\0.3.3\model-0.3.3.jar;C:\Users\Vijay\.m2\repository\io\github\qsy7\java\modules\file\api\service\0.3.3\service-0.3.3.jar;C:\Users\Vijay\.m2\repository\org\slf4j\slf4j-api\2.1.0-alpha1\slf4j-api-2.1.0-alpha1.jar;C:\Users\Vijay\.m2\repository\io\github\qsy7\java\modules\file\impl\0.3.3\impl-0.3.3.jar;C:\Users\Vijay\.m2\repository\io\github\qsy7\java\modules\compression\api\service\0.3.3\service-0.3.3.jar;C:\Users\Vijay\.m2\repository\io\github\qsy7\java\modules\compression\api\model\0.3.3\model-0.3.3.jar;C:\Users\Vijay\.m2\repository\org\tukaani\xz\1.9\xz-1.9.jar;C:\Users\Vijay\.m2\repository\io\github\qsy7\java\modules\compression\modules\xz\impl\0.3.3\impl-0.3.3.jar;C:\Users\Vijay\.m2\repository\io\github\qsy7\java\modules\encryption\api\0.3.3\api-0.3.3.jar;C:\Users\Vijay\.m2\repository\io\github\qsy7\java\modules\encryption\impl\0.3.3\impl-0.3.3.jar;C:\Users\Vijay\.m2\repository\org\apache\commons\commons-text\1.11.0\commons-text-1.11.0.jar;C:\Users\Vijay\.m2\repository\org\apache\commons\commons-crypto\1.2.0\commons-crypto-1.2.0.jar;C:\Users\Vijay\.m2\repository\net\java\dev\jna\jna\5.13.0\jna-5.13.0.jar;C:\Users\Vijay\.m2\repository\com\sun\xml\bind\jaxb-impl\2.3.7\jaxb-impl-2.3.7.jar;C:\Users\Vijay\.m2\repository\jakarta\xml\bind\jakarta.xml.bind-api\2.3.3\jakarta.xml.bind-api-2.3.3.jar;C:\Users\Vijay\.m2\repository\com\sun\activation\jakarta.activation\1.2.2\jakarta.activation-1.2.2.jar;C:\Users\Vijay\.m2\repository\io\github\qsy7\java\infrastructure\inject\core\0.3.3\core-0.3.3.jar;C:\Users\Vijay\.m2\repository\jakarta\inject\jakarta.inject-api\2.0.1.MR\jakarta.inject-api-2.0.1.MR.jar;C:\Users\Vijay\.m2\repository\io\github\qsy7\java\infrastructure\property\impl\0.3.3\impl-0.3.3.jar;C:\Users\Vijay\.m2\repository\io\github\qsy7\java\advice\logging\api\0.3.3\api-0.3.3.jar;C:\Users\Vijay\.m2\repository\jakarta\enterprise\jakarta.enterprise.cdi-api\4.1.0-M1\jakarta.enterprise.cdi-api-4.1.0-M1.jar;C:\Users\Vijay\.m2\repository\jakarta\enterprise\jakarta.enterprise.lang-model\4.1.0-M1\jakarta.enterprise.lang-model-4.1.0-M1.jar;C:\Users\Vijay\.m2\repository\jakarta\annotation\jakarta.annotation-api\3.0.0-M1\jakarta.annotation-api-3.0.0-M1.jar;C:\Users\Vijay\.m2\repository\jakarta\el\jakarta.el-api\5.0.1\jakarta.el-api-5.0.1.jar;C:\Users\Vijay\.m2\repository\jakarta\interceptor\jakarta.interceptor-api\2.2.0-M1\jakarta.interceptor-api-2.2.0-M1.jar;C:\Users\Vijay\.m2\repository\io\github\qsy7\java\infrastructure\property\modules\environment\0.3.3\environment-0.3.3.jar;C:\Users\Vijay\.m2\repository\io\github\qsy7\java\infrastructure\property\modules\manifest\0.3.3\manifest-0.3.3.jar;C:\Users\Vijay\.m2\repository\com\jcabi\jcabi-manifests\2.1.0\jcabi-manifests-2.1.0.jar;C:\Users\Vijay\.m2\repository\com\jcabi\jcabi-log\0.22.0\jcabi-log-0.22.0.jar;C:\Users\Vijay\.m2\repository\org\mockito\mockito-core\4.6.1\mockito-core-4.6.1.jar;C:\Users\Vijay\.m2\repository\org\objenesis\objenesis\3.2\objenesis-3.2.jar;C:\Users\Vijay\.m2\repository\io\github\qsy7\java\modules\shell\api\model\0.3.3\model-0.3.3.jar;C:\Users\Vijay\.m2\repository\io\github\qsy7\java\infrastructure\datastore\impl\0.3.3\impl-0.3.3.jar;C:\Users\Vijay\.m2\repository\org\apache\poi\poi-ooxml\5.3.0\poi-ooxml-5.3.0.jar;C:\Users\Vijay\.m2\repository\org\apache\poi\poi\5.3.0\poi-5.3.0.jar;C:\Users\Vijay\.m2\repository\commons-codec\commons-codec\1.17.0\commons-codec-1.17.0.jar;C:\Users\Vijay\.m2\repository\org\apache\commons\commons-math3\3.6.1\commons-math3-3.6.1.jar;C:\Users\Vijay\.m2\repository\com\zaxxer\SparseBitSet\1.3\SparseBitSet-1.3.jar;C:\Users\Vijay\.m2\repository\org\apache\poi\poi-ooxml-lite\5.3.0\poi-ooxml-lite-5.3.0.jar;C:\Users\Vijay\.m2\repository\org\apache\xmlbeans\xmlbeans\5.2.1\xmlbeans-5.2.1.jar;C:\Users\Vijay\.m2\repository\org\apache\commons\commons-compress\1.26.2\commons-compress-1.26.2.jar;C:\Users\Vijay\.m2\repository\org\apache\commons\commons-lang3\3.14.0\commons-lang3-3.14.0.jar;C:\Users\Vijay\.m2\repository\commons-io\commons-io\2.16.1\commons-io-2.16.1.jar;C:\Users\Vijay\.m2\repository\com\github\virtuald\curvesapi\1.08\curvesapi-1.08.jar;C:\Users\Vijay\.m2\repository\org\apache\logging\log4j\log4j-api\2.23.1\log4j-api-2.23.1.jar;C:\Users\Vijay\.m2\repository\org\apache\commons\commons-collections4\4.4\commons-collections4-4.4.jar;C:\Users\Vijay\.m2\repository\org\testng\testng\6.8.7\testng-6.8.7.jar;C:\Users\Vijay\.m2\repository\junit\junit\4.10\junit-4.10.jar;C:\Users\Vijay\.m2\repository\org\hamcrest\hamcrest-core\1.1\hamcrest-core-1.1.jar;C:\Users\Vijay\.m2\repository\org\beanshell\bsh\2.0b4\bsh-2.0b4.jar;C:\Users\Vijay\.m2\repository\com\beust\jcommander\1.27\jcommander-1.27.jar;C:\Users\Vijay\.m2\repository\org\yaml\snakeyaml\1.12\snakeyaml-1.12.jar;"/>
    <property name="java.vm.vendor" value="Oracle Corporation"/>
    <property name="sun.arch.data.model" value="64"/>
    <property name="user.variant" value=""/>
    <property name="java.vendor.url" value="https://openjdk.java.net/"/>
    <property name="user.timezone" value="Asia/Calcutta"/>
    <property name="java.vm.specification.version" value="11"/>
    <property name="os.name" value="Windows 11"/>
    <property name="sun.java.launcher" value="SUN_STANDARD"/>
    <property name="user.country" value="IN"/>
    <property name="sun.boot.library.path" value="C:\Program Files\Java\jdk-11.0.15\bin"/>
    <property name="sun.java.command" value="C:\Users\Vijay\AppData\Local\Temp\surefire6252414320578954919\surefirebooter-20241114172911982_3.jar C:\Users\Vijay\AppData\Local\Temp\surefire6252414320578954919 2024-11-14T17-29-10_605-jvmRun1 surefire-20241114172911982_1tmp surefire_0-20241114172911982_2tmp"/>
    <property name="jdk.debug" value="release"/>
    <property name="surefire.test.class.path" value="C:\Wokspace\MasterTestNGFramework\target\test-classes;C:\Wokspace\MasterTestNGFramework\target\classes;C:\Users\Vijay\.m2\repository\io\github\qsy7\java\modules\browser\drivers\chromedriver\0.3.3\chromedriver-0.3.3.jar;C:\Users\Vijay\.m2\repository\org\seleniumhq\selenium\selenium-chrome-driver\4.16.1\selenium-chrome-driver-4.16.1.jar;C:\Users\Vijay\.m2\repository\com\google\auto\service\auto-service-annotations\1.1.1\auto-service-annotations-1.1.1.jar;C:\Users\Vijay\.m2\repository\org\seleniumhq\selenium\selenium-api\4.16.1\selenium-api-4.16.1.jar;C:\Users\Vijay\.m2\repository\org\seleniumhq\selenium\selenium-chromium-driver\4.16.1\selenium-chromium-driver-4.16.1.jar;C:\Users\Vijay\.m2\repository\org\seleniumhq\selenium\selenium-json\4.16.1\selenium-json-4.16.1.jar;C:\Users\Vijay\.m2\repository\org\seleniumhq\selenium\selenium-manager\4.16.1\selenium-manager-4.16.1.jar;C:\Users\Vijay\.m2\repository\org\seleniumhq\selenium\selenium-os\4.16.1\selenium-os-4.16.1.jar;C:\Users\Vijay\.m2\repository\org\apache\commons\commons-exec\1.3\commons-exec-1.3.jar;C:\Users\Vijay\.m2\repository\org\seleniumhq\selenium\selenium-remote-driver\4.16.1\selenium-remote-driver-4.16.1.jar;C:\Users\Vijay\.m2\repository\com\google\guava\guava\32.1.2-jre\guava-32.1.2-jre.jar;C:\Users\Vijay\.m2\repository\com\google\guava\failureaccess\1.0.1\failureaccess-1.0.1.jar;C:\Users\Vijay\.m2\repository\com\google\guava\listenablefuture\9999.0-empty-to-avoid-conflict-with-guava\listenablefuture-9999.0-empty-to-avoid-conflict-with-guava.jar;C:\Users\Vijay\.m2\repository\com\google\code\findbugs\jsr305\3.0.2\jsr305-3.0.2.jar;C:\Users\Vijay\.m2\repository\org\checkerframework\checker-qual\3.33.0\checker-qual-3.33.0.jar;C:\Users\Vijay\.m2\repository\com\google\errorprone\error_prone_annotations\2.18.0\error_prone_annotations-2.18.0.jar;C:\Users\Vijay\.m2\repository\com\google\j2objc\j2objc-annotations\2.8\j2objc-annotations-2.8.jar;C:\Users\Vijay\.m2\repository\io\opentelemetry\opentelemetry-api\1.28.0\opentelemetry-api-1.28.0.jar;C:\Users\Vijay\.m2\repository\io\opentelemetry\opentelemetry-context\1.28.0\opentelemetry-context-1.28.0.jar;C:\Users\Vijay\.m2\repository\io\opentelemetry\opentelemetry-exporter-logging\1.28.0\opentelemetry-exporter-logging-1.28.0.jar;C:\Users\Vijay\.m2\repository\io\opentelemetry\opentelemetry-sdk-metrics\1.28.0\opentelemetry-sdk-metrics-1.28.0.jar;C:\Users\Vijay\.m2\repository\io\opentelemetry\opentelemetry-extension-incubator\1.28.0-alpha\opentelemetry-extension-incubator-1.28.0-alpha.jar;C:\Users\Vijay\.m2\repository\io\opentelemetry\opentelemetry-sdk-logs\1.28.0\opentelemetry-sdk-logs-1.28.0.jar;C:\Users\Vijay\.m2\repository\io\opentelemetry\opentelemetry-sdk-common\1.28.0\opentelemetry-sdk-common-1.28.0.jar;C:\Users\Vijay\.m2\repository\io\opentelemetry\opentelemetry-sdk-extension-autoconfigure-spi\1.28.0\opentelemetry-sdk-extension-autoconfigure-spi-1.28.0.jar;C:\Users\Vijay\.m2\repository\io\opentelemetry\opentelemetry-sdk-extension-autoconfigure\1.28.0\opentelemetry-sdk-extension-autoconfigure-1.28.0.jar;C:\Users\Vijay\.m2\repository\io\opentelemetry\opentelemetry-api-events\1.28.0-alpha\opentelemetry-api-events-1.28.0-alpha.jar;C:\Users\Vijay\.m2\repository\io\opentelemetry\opentelemetry-sdk-trace\1.28.0\opentelemetry-sdk-trace-1.28.0.jar;C:\Users\Vijay\.m2\repository\io\opentelemetry\opentelemetry-sdk\1.28.0\opentelemetry-sdk-1.28.0.jar;C:\Users\Vijay\.m2\repository\io\opentelemetry\opentelemetry-semconv\1.28.0-alpha\opentelemetry-semconv-1.28.0-alpha.jar;C:\Users\Vijay\.m2\repository\net\bytebuddy\byte-buddy\1.14.5\byte-buddy-1.14.5.jar;C:\Users\Vijay\.m2\repository\org\seleniumhq\selenium\selenium-http\4.16.1\selenium-http-4.16.1.jar;C:\Users\Vijay\.m2\repository\dev\failsafe\failsafe\3.3.2\failsafe-3.3.2.jar;C:\Users\Vijay\.m2\repository\io\github\qsy7\java\modules\browser\api\service\0.3.3\service-0.3.3.jar;C:\Users\Vijay\.m2\repository\io\github\qsy7\java\modules\browser\api\model\0.3.3\model-0.3.3.jar;C:\Users\Vijay\.m2\repository\io\github\qsy7\java\infrastructure\property\api\0.3.3\api-0.3.3.jar;C:\Users\Vijay\.m2\repository\org\reflections\reflections\0.10.2\reflections-0.10.2.jar;C:\Users\Vijay\.m2\repository\org\javassist\javassist\3.28.0-GA\javassist-3.28.0-GA.jar;C:\Users\Vijay\.m2\repository\org\dom4j\dom4j\2.1.4\dom4j-2.1.4.jar;C:\Users\Vijay\.m2\repository\io\github\qsy7\java\modules\identity\api\model\0.3.3\model-0.3.3.jar;C:\Users\Vijay\.m2\repository\io\github\qsy7\java\modules\person\api\model\0.3.3\model-0.3.3.jar;C:\Users\Vijay\.m2\repository\org\passay\passay\1.6.4\passay-1.6.4.jar;C:\Users\Vijay\.m2\repository\io\github\qsy7\java\modules\serialization\api\service\0.3.3\service-0.3.3.jar;C:\Users\Vijay\.m2\repository\io\github\qsy7\java\modules\serialization\api\model\0.3.3\model-0.3.3.jar;C:\Users\Vijay\.m2\repository\io\github\qsy7\java\modules\keep-alive\0.3.3\keep-alive-0.3.3.jar;C:\Users\Vijay\.m2\repository\io\github\qsy7\java\modules\file\modules\resources\0.3.3\resources-0.3.3.jar;C:\Users\Vijay\.m2\repository\io\github\qsy7\java\infrastructure\inject\modules\cli\api\0.3.3\api-0.3.3.jar;C:\Users\Vijay\.m2\repository\io\github\qsy7\java\advice\closeable\0.3.3\closeable-0.3.3.jar;C:\Users\Vijay\.m2\repository\net\bytebuddy\byte-buddy-agent\1.14.11\byte-buddy-agent-1.14.11.jar;C:\Users\Vijay\.m2\repository\io\github\qsy7\java\infrastructure\datastore\api\repository\0.3.3\repository-0.3.3.jar;C:\Users\Vijay\.m2\repository\io\github\qsy7\java\infrastructure\datastore\api\model\0.3.3\model-0.3.3.jar;C:\Users\Vijay\.m2\repository\org\datanucleus\javax.jdo\3.2.1\javax.jdo-3.2.1.jar;C:\Users\Vijay\.m2\repository\org\glassfish\corba\glassfish-corba-omgapi\4.2.2\glassfish-corba-omgapi-4.2.2.jar;C:\Users\Vijay\.m2\repository\org\datanucleus\datanucleus-api-jdo\6.0.1\datanucleus-api-jdo-6.0.1.jar;C:\Users\Vijay\.m2\repository\org\datanucleus\datanucleus-core\6.0.6\datanucleus-core-6.0.6.jar;C:\Users\Vijay\.m2\repository\org\datanucleus\datanucleus-jdo-query\6.0.1\datanucleus-jdo-query-6.0.1.jar;C:\Users\Vijay\.m2\repository\javax\transaction\javax.transaction-api\1.3\javax.transaction-api-1.3.jar;C:\Users\Vijay\.m2\repository\org\seleniumhq\selenium\selenium-support\4.16.1\selenium-support-4.16.1.jar;C:\Users\Vijay\.m2\repository\org\seleniumhq\selenium\selenium-java\4.16.1\selenium-java-4.16.1.jar;C:\Users\Vijay\.m2\repository\org\seleniumhq\selenium\selenium-devtools-v118\4.16.1\selenium-devtools-v118-4.16.1.jar;C:\Users\Vijay\.m2\repository\org\seleniumhq\selenium\selenium-devtools-v119\4.16.1\selenium-devtools-v119-4.16.1.jar;C:\Users\Vijay\.m2\repository\org\seleniumhq\selenium\selenium-devtools-v120\4.16.1\selenium-devtools-v120-4.16.1.jar;C:\Users\Vijay\.m2\repository\org\seleniumhq\selenium\selenium-devtools-v85\4.16.1\selenium-devtools-v85-4.16.1.jar;C:\Users\Vijay\.m2\repository\org\seleniumhq\selenium\selenium-edge-driver\4.16.1\selenium-edge-driver-4.16.1.jar;C:\Users\Vijay\.m2\repository\org\seleniumhq\selenium\selenium-firefox-driver\4.16.1\selenium-firefox-driver-4.16.1.jar;C:\Users\Vijay\.m2\repository\org\seleniumhq\selenium\selenium-ie-driver\4.16.1\selenium-ie-driver-4.16.1.jar;C:\Users\Vijay\.m2\repository\org\seleniumhq\selenium\selenium-safari-driver\4.16.1\selenium-safari-driver-4.16.1.jar;C:\Users\Vijay\.m2\repository\io\github\qsy7\java\modules\browser\impl\0.3.3\impl-0.3.3.jar;C:\Users\Vijay\.m2\repository\io\github\qsy7\java\modules\file\api\model\0.3.3\model-0.3.3.jar;C:\Users\Vijay\.m2\repository\io\github\qsy7\java\modules\file\api\service\0.3.3\service-0.3.3.jar;C:\Users\Vijay\.m2\repository\org\slf4j\slf4j-api\2.1.0-alpha1\slf4j-api-2.1.0-alpha1.jar;C:\Users\Vijay\.m2\repository\io\github\qsy7\java\modules\file\impl\0.3.3\impl-0.3.3.jar;C:\Users\Vijay\.m2\repository\io\github\qsy7\java\modules\compression\api\service\0.3.3\service-0.3.3.jar;C:\Users\Vijay\.m2\repository\io\github\qsy7\java\modules\compression\api\model\0.3.3\model-0.3.3.jar;C:\Users\Vijay\.m2\repository\org\tukaani\xz\1.9\xz-1.9.jar;C:\Users\Vijay\.m2\repository\io\github\qsy7\java\modules\compression\modules\xz\impl\0.3.3\impl-0.3.3.jar;C:\Users\Vijay\.m2\repository\io\github\qsy7\java\modules\encryption\api\0.3.3\api-0.3.3.jar;C:\Users\Vijay\.m2\repository\io\github\qsy7\java\modules\encryption\impl\0.3.3\impl-0.3.3.jar;C:\Users\Vijay\.m2\repository\org\apache\commons\commons-text\1.11.0\commons-text-1.11.0.jar;C:\Users\Vijay\.m2\repository\org\apache\commons\commons-crypto\1.2.0\commons-crypto-1.2.0.jar;C:\Users\Vijay\.m2\repository\net\java\dev\jna\jna\5.13.0\jna-5.13.0.jar;C:\Users\Vijay\.m2\repository\com\sun\xml\bind\jaxb-impl\2.3.7\jaxb-impl-2.3.7.jar;C:\Users\Vijay\.m2\repository\jakarta\xml\bind\jakarta.xml.bind-api\2.3.3\jakarta.xml.bind-api-2.3.3.jar;C:\Users\Vijay\.m2\repository\com\sun\activation\jakarta.activation\1.2.2\jakarta.activation-1.2.2.jar;C:\Users\Vijay\.m2\repository\io\github\qsy7\java\infrastructure\inject\core\0.3.3\core-0.3.3.jar;C:\Users\Vijay\.m2\repository\jakarta\inject\jakarta.inject-api\2.0.1.MR\jakarta.inject-api-2.0.1.MR.jar;C:\Users\Vijay\.m2\repository\io\github\qsy7\java\infrastructure\property\impl\0.3.3\impl-0.3.3.jar;C:\Users\Vijay\.m2\repository\io\github\qsy7\java\advice\logging\api\0.3.3\api-0.3.3.jar;C:\Users\Vijay\.m2\repository\jakarta\enterprise\jakarta.enterprise.cdi-api\4.1.0-M1\jakarta.enterprise.cdi-api-4.1.0-M1.jar;C:\Users\Vijay\.m2\repository\jakarta\enterprise\jakarta.enterprise.lang-model\4.1.0-M1\jakarta.enterprise.lang-model-4.1.0-M1.jar;C:\Users\Vijay\.m2\repository\jakarta\annotation\jakarta.annotation-api\3.0.0-M1\jakarta.annotation-api-3.0.0-M1.jar;C:\Users\Vijay\.m2\repository\jakarta\el\jakarta.el-api\5.0.1\jakarta.el-api-5.0.1.jar;C:\Users\Vijay\.m2\repository\jakarta\interceptor\jakarta.interceptor-api\2.2.0-M1\jakarta.interceptor-api-2.2.0-M1.jar;C:\Users\Vijay\.m2\repository\io\github\qsy7\java\infrastructure\property\modules\environment\0.3.3\environment-0.3.3.jar;C:\Users\Vijay\.m2\repository\io\github\qsy7\java\infrastructure\property\modules\manifest\0.3.3\manifest-0.3.3.jar;C:\Users\Vijay\.m2\repository\com\jcabi\jcabi-manifests\2.1.0\jcabi-manifests-2.1.0.jar;C:\Users\Vijay\.m2\repository\com\jcabi\jcabi-log\0.22.0\jcabi-log-0.22.0.jar;C:\Users\Vijay\.m2\repository\org\mockito\mockito-core\4.6.1\mockito-core-4.6.1.jar;C:\Users\Vijay\.m2\repository\org\objenesis\objenesis\3.2\objenesis-3.2.jar;C:\Users\Vijay\.m2\repository\io\github\qsy7\java\modules\shell\api\model\0.3.3\model-0.3.3.jar;C:\Users\Vijay\.m2\repository\io\github\qsy7\java\infrastructure\datastore\impl\0.3.3\impl-0.3.3.jar;C:\Users\Vijay\.m2\repository\org\apache\poi\poi-ooxml\5.3.0\poi-ooxml-5.3.0.jar;C:\Users\Vijay\.m2\repository\org\apache\poi\poi\5.3.0\poi-5.3.0.jar;C:\Users\Vijay\.m2\repository\commons-codec\commons-codec\1.17.0\commons-codec-1.17.0.jar;C:\Users\Vijay\.m2\repository\org\apache\commons\commons-math3\3.6.1\commons-math3-3.6.1.jar;C:\Users\Vijay\.m2\repository\com\zaxxer\SparseBitSet\1.3\SparseBitSet-1.3.jar;C:\Users\Vijay\.m2\repository\org\apache\poi\poi-ooxml-lite\5.3.0\poi-ooxml-lite-5.3.0.jar;C:\Users\Vijay\.m2\repository\org\apache\xmlbeans\xmlbeans\5.2.1\xmlbeans-5.2.1.jar;C:\Users\Vijay\.m2\repository\org\apache\commons\commons-compress\1.26.2\commons-compress-1.26.2.jar;C:\Users\Vijay\.m2\repository\org\apache\commons\commons-lang3\3.14.0\commons-lang3-3.14.0.jar;C:\Users\Vijay\.m2\repository\commons-io\commons-io\2.16.1\commons-io-2.16.1.jar;C:\Users\Vijay\.m2\repository\com\github\virtuald\curvesapi\1.08\curvesapi-1.08.jar;C:\Users\Vijay\.m2\repository\org\apache\logging\log4j\log4j-api\2.23.1\log4j-api-2.23.1.jar;C:\Users\Vijay\.m2\repository\org\apache\commons\commons-collections4\4.4\commons-collections4-4.4.jar;C:\Users\Vijay\.m2\repository\org\testng\testng\6.8.7\testng-6.8.7.jar;C:\Users\Vijay\.m2\repository\junit\junit\4.10\junit-4.10.jar;C:\Users\Vijay\.m2\repository\org\hamcrest\hamcrest-core\1.1\hamcrest-core-1.1.jar;C:\Users\Vijay\.m2\repository\org\beanshell\bsh\2.0b4\bsh-2.0b4.jar;C:\Users\Vijay\.m2\repository\com\beust\jcommander\1.27\jcommander-1.27.jar;C:\Users\Vijay\.m2\repository\org\yaml\snakeyaml\1.12\snakeyaml-1.12.jar;"/>
    <property name="sun.cpu.endian" value="little"/>
    <property name="user.home" value="C:\Users\Vijay"/>
    <property name="user.language" value="en"/>
    <property name="java.specification.vendor" value="Oracle Corporation"/>
    <property name="java.version.date" value="2022-04-19"/>
    <property name="java.home" value="C:\Program Files\Java\jdk-11.0.15"/>
    <property name="file.separator" value="\"/>
    <property name="basedir" value="C:\Wokspace\MasterTestNGFramework"/>
    <property name="java.vm.compressedOopsMode" value="Zero based"/>
    <property name="line.separator" value="&#10;"/>
    <property name="java.specification.name" value="Java Platform API Specification"/>
    <property name="java.vm.specification.vendor" value="Oracle Corporation"/>
    <property name="java.awt.graphicsenv" value="sun.awt.Win32GraphicsEnvironment"/>
    <property name="surefire.real.class.path" value="C:\Users\Vijay\AppData\Local\Temp\surefire6252414320578954919\surefirebooter-20241114172911982_3.jar"/>
    <property name="user.script" value=""/>
    <property name="sun.management.compiler" value="HotSpot 64-Bit Tiered Compilers"/>
    <property name="java.runtime.version" value="11.0.15+8-LTS-149"/>
    <property name="user.name" value="Vijay"/>
    <property name="path.separator" value=";"/>
    <property name="os.version" value="10.0"/>
    <property name="java.runtime.name" value="Java(TM) SE Runtime Environment"/>
    <property name="file.encoding" value="Cp1252"/>
    <property name="java.vm.name" value="Java HotSpot(TM) 64-Bit Server VM"/>
    <property name="java.vendor.version" value="18.9"/>
    <property name="localRepository" value="C:\Users\Vijay\.m2\repository"/>
    <property name="java.vendor.url.bug" value="https://bugreport.java.com/bugreport/"/>
    <property name="java.io.tmpdir" value="C:\Users\Vijay\AppData\Local\Temp\"/>
    <property name="java.version" value="11.0.15"/>
    <property name="user.dir" value="C:\Wokspace\MasterTestNGFramework"/>
    <property name="os.arch" value="amd64"/>
    <property name="java.vm.specification.name" value="Java Virtual Machine Specification"/>
    <property name="java.awt.printerjob" value="sun.awt.windows.WPrinterJob"/>
    <property name="sun.os.patch.level" value=""/>
    <property name="java.library.path" value="C:\Program Files\Java\jdk-11.0.15\bin;C:\Windows\Sun\Java\bin;C:\Windows\system32;C:\Windows;C:\Program Files\Common Files\Oracle\Java\javapath;C:\Windows\system32;C:\Windows;C:\Windows\System32\Wbem;C:\Windows\System32\WindowsPowerShell\v1.0\;C:\Windows\System32\OpenSSH\;E:\Softwares\Maven\apache-maven-3.8.6-bin\apache-maven-3.8.6;%MAVEN_HOME%;C:\apache-maven-3.8.6;C:\Program Files\apache-maven-3.8.6\bin;E:\Softwares\Git\Git_Installation\Git\cmd;C:\Program Files (x86)\dotnet\;C:\Program Files\Java\jdk-17\bin;C:\Users\Vijay\AppData\Local\Microsoft\WindowsApps;;."/>
    <property name="java.vendor" value="Oracle Corporation"/>
    <property name="java.vm.info" value="mixed mode"/>
    <property name="java.vm.version" value="11.0.15+8-LTS-149"/>
    <property name="sun.io.unicode.encoding" value="UnicodeLittle"/>
    <property name="java.class.version" value="55.0"/>
  </properties>
  <testcase name="HomePageMethod" classname="com.tests.automation.java.testng.TestHome" time="10.859">
    <system-err><![CDATA[Nov 14, 2024 5:29:16 PM org.openqa.selenium.devtools.CdpVersionFinder findNearestMatch
WARNING: Unable to find CDP implementation matching 131
Nov 14, 2024 5:29:16 PM org.openqa.selenium.chromium.ChromiumDriver lambda$new$5
WARNING: Unable to find version of CDP to use for 131.0.6778.70. You may need to include a dependency on a specific version of the CDP using something similar to `org.seleniumhq.selenium:selenium-devtools-v86:4.16.1` where the version ("v86") matches the version of the chromium-based browser you're using and the version number of the artifact is the same as Selenium's.
]]></system-err>
  </testcase>
  <testcase name="ValidatesmokeTest" classname="com.tests.automation.java.testng.TestHome" time="0.009">
    <system-out><![CDATA[This is Home
]]></system-out>
    <system-err><![CDATA[Nov 14, 2024 5:29:25 PM org.openqa.selenium.remote.http.WebSocket$Listener onError
WARNING: An existing connection was forcibly closed by the remote host
java.io.IOException: An existing connection was forcibly closed by the remote host
	at java.base/sun.nio.ch.SocketDispatcher.read0(Native Method)
	at java.base/sun.nio.ch.SocketDispatcher.read(SocketDispatcher.java:43)
	at java.base/sun.nio.ch.IOUtil.readIntoNativeBuffer(IOUtil.java:276)
	at java.base/sun.nio.ch.IOUtil.read(IOUtil.java:245)
	at java.base/sun.nio.ch.IOUtil.read(IOUtil.java:223)
	at java.base/sun.nio.ch.SocketChannelImpl.read(SocketChannelImpl.java:358)
	at java.net.http/jdk.internal.net.http.SocketTube.readAvailable(SocketTube.java:1153)
	at java.net.http/jdk.internal.net.http.SocketTube$InternalReadPublisher$InternalReadSubscription.read(SocketTube.java:821)
	at java.net.http/jdk.internal.net.http.SocketTube$SocketFlowTask.run(SocketTube.java:175)
	at java.net.http/jdk.internal.net.http.common.SequentialScheduler$SchedulableTask.run(SequentialScheduler.java:198)
	at java.net.http/jdk.internal.net.http.common.SequentialScheduler.runOrSchedule(SequentialScheduler.java:271)
	at java.net.http/jdk.internal.net.http.common.SequentialScheduler.runOrSchedule(SequentialScheduler.java:224)
	at java.net.http/jdk.internal.net.http.SocketTube$InternalReadPublisher$InternalReadSubscription.signalReadable(SocketTube.java:763)
	at java.net.http/jdk.internal.net.http.SocketTube$InternalReadPublisher$ReadEvent.signalEvent(SocketTube.java:941)
	at java.net.http/jdk.internal.net.http.SocketTube$SocketFlowEvent.handle(SocketTube.java:245)
	at java.net.http/jdk.internal.net.http.HttpClientImpl$SelectorManager.handleEvent(HttpClientImpl.java:957)
	at java.net.http/jdk.internal.net.http.HttpClientImpl$SelectorManager.lambda$run$3(HttpClientImpl.java:912)
	at java.base/java.util.ArrayList.forEach(ArrayList.java:1541)
	at java.net.http/jdk.internal.net.http.HttpClientImpl$SelectorManager.run(HttpClientImpl.java:912)

]]></system-err>
  </testcase>
  <testcase name="AfterInvokeTest" classname="com.tests.automation.java.testng.TestHome" time="0.169">
    <failure message="invalid session id&#10;Build info: version: &apos;4.16.1&apos;, revision: &apos;9b4c83354e&apos;&#10;System info: os.name: &apos;Windows 11&apos;, os.arch: &apos;amd64&apos;, os.version: &apos;10.0&apos;, java.version: &apos;11.0.15&apos;&#10;Driver info: org.openqa.selenium.chrome.ChromeDriver&#10;Command: [c7ce214b1b36601816d729bbc3b0638a, close {}]&#10;Capabilities {acceptInsecureCerts: false, browserName: chrome, browserVersion: 131.0.6778.70, chrome: {chromedriverVersion: 131.0.6778.69 (77e2244bbcda..., userDataDir: C:\Users\Vijay\AppData\Loca...}, fedcm:accounts: true, goog:chromeOptions: {debuggerAddress: localhost:50482}, networkConnectionEnabled: false, pageLoadStrategy: normal, platformName: windows, proxy: Proxy(), se:cdp: ws://localhost:50482/devtoo..., se:cdpVersion: 131.0.6778.70, setWindowRect: true, strictFileInteractability: false, timeouts: {implicit: 0, pageLoad: 300000, script: 30000}, unhandledPromptBehavior: dismiss and notify, webauthn:extension:credBlob: true, webauthn:extension:largeBlob: true, webauthn:extension:minPinLength: true, webauthn:extension:prf: true, webauthn:virtualAuthenticators: true}&#10;Session ID: c7ce214b1b36601816d729bbc3b0638a" type="org.openqa.selenium.NoSuchSessionException"><![CDATA[org.openqa.selenium.NoSuchSessionException: 
invalid session id
Build info: version: '4.16.1', revision: '9b4c83354e'
System info: os.name: 'Windows 11', os.arch: 'amd64', os.version: '10.0', java.version: '11.0.15'
Driver info: org.openqa.selenium.chrome.ChromeDriver
Command: [c7ce214b1b36601816d729bbc3b0638a, close {}]
Capabilities {acceptInsecureCerts: false, browserName: chrome, browserVersion: 131.0.6778.70, chrome: {chromedriverVersion: 131.0.6778.69 (77e2244bbcda..., userDataDir: C:\Users\Vijay\AppData\Loca...}, fedcm:accounts: true, goog:chromeOptions: {debuggerAddress: localhost:50482}, networkConnectionEnabled: false, pageLoadStrategy: normal, platformName: windows, proxy: Proxy(), se:cdp: ws://localhost:50482/devtoo..., se:cdpVersion: 131.0.6778.70, setWindowRect: true, strictFileInteractability: false, timeouts: {implicit: 0, pageLoad: 300000, script: 30000}, unhandledPromptBehavior: dismiss and notify, webauthn:extension:credBlob: true, webauthn:extension:largeBlob: true, webauthn:extension:minPinLength: true, webauthn:extension:prf: true, webauthn:virtualAuthenticators: true}
Session ID: c7ce214b1b36601816d729bbc3b0638a
	at java.base/jdk.internal.reflect.NativeConstructorAccessorImpl.newInstance0(Native Method)
	at java.base/jdk.internal.reflect.NativeConstructorAccessorImpl.newInstance(NativeConstructorAccessorImpl.java:62)
	at java.base/jdk.internal.reflect.DelegatingConstructorAccessorImpl.newInstance(DelegatingConstructorAccessorImpl.java:45)
	at java.base/java.lang.reflect.Constructor.newInstance(Constructor.java:490)
	at org.openqa.selenium.remote.codec.w3c.W3CHttpResponseCodec.createException(W3CHttpResponseCodec.java:200)
	at org.openqa.selenium.remote.codec.w3c.W3CHttpResponseCodec.decode(W3CHttpResponseCodec.java:133)
	at org.openqa.selenium.remote.codec.w3c.W3CHttpResponseCodec.decode(W3CHttpResponseCodec.java:52)
	at org.openqa.selenium.remote.HttpCommandExecutor.execute(HttpCommandExecutor.java:191)
	at org.openqa.selenium.remote.service.DriverCommandExecutor.invokeExecute(DriverCommandExecutor.java:200)
	at org.openqa.selenium.remote.service.DriverCommandExecutor.execute(DriverCommandExecutor.java:175)
	at org.openqa.selenium.remote.RemoteWebDriver.execute(RemoteWebDriver.java:523)
	at org.openqa.selenium.remote.RemoteWebDriver.execute(RemoteWebDriver.java:596)
	at org.openqa.selenium.remote.RemoteWebDriver.execute(RemoteWebDriver.java:600)
	at org.openqa.selenium.remote.RemoteWebDriver.close(RemoteWebDriver.java:410)
	at com.tests.automation.java.testng.TestHome.AfterInvokeTest(TestHome.java:64)
	at java.base/jdk.internal.reflect.NativeMethodAccessorImpl.invoke0(Native Method)
	at java.base/jdk.internal.reflect.NativeMethodAccessorImpl.invoke(NativeMethodAccessorImpl.java:62)
	at java.base/jdk.internal.reflect.DelegatingMethodAccessorImpl.invoke(DelegatingMethodAccessorImpl.java:43)
	at java.base/java.lang.reflect.Method.invoke(Method.java:566)
	at org.testng.internal.MethodInvocationHelper.invokeMethod(MethodInvocationHelper.java:84)
	at org.testng.internal.Invoker.invokeConfigurationMethod(Invoker.java:564)
	at org.testng.internal.Invoker.invokeConfigurations(Invoker.java:213)
	at org.testng.internal.Invoker.invokeMethod(Invoker.java:786)
	at org.testng.internal.Invoker.invokeTestMethod(Invoker.java:901)
	at org.testng.internal.Invoker.invokeTestMethods(Invoker.java:1231)
	at org.testng.internal.TestMethodWorker.invokeTestMethods(TestMethodWorker.java:127)
	at org.testng.internal.TestMethodWorker.run(TestMethodWorker.java:111)
	at org.testng.TestRunner.privateRun(TestRunner.java:767)
	at org.testng.TestRunner.run(TestRunner.java:617)
	at org.testng.SuiteRunner.runTest(SuiteRunner.java:334)
	at org.testng.SuiteRunner.runSequentially(SuiteRunner.java:329)
	at org.testng.SuiteRunner.privateRun(SuiteRunner.java:291)
	at org.testng.SuiteRunner.run(SuiteRunner.java:240)
	at org.testng.SuiteRunnerWorker.runSuite(SuiteRunnerWorker.java:52)
	at org.testng.SuiteRunnerWorker.run(SuiteRunnerWorker.java:86)
	at org.testng.TestNG.runSuitesSequentially(TestNG.java:1224)
	at org.testng.TestNG.runSuitesLocally(TestNG.java:1149)
	at org.testng.TestNG.run(TestNG.java:1057)
	at org.apache.maven.surefire.testng.TestNGExecutor.run(TestNGExecutor.java:308)
	at org.apache.maven.surefire.testng.TestNGXmlTestSuite.execute(TestNGXmlTestSuite.java:71)
	at org.apache.maven.surefire.testng.TestNGProvider.invoke(TestNGProvider.java:113)
	at org.apache.maven.surefire.booter.ForkedBooter.runSuitesInProcess(ForkedBooter.java:385)
	at org.apache.maven.surefire.booter.ForkedBooter.execute(ForkedBooter.java:162)
	at org.apache.maven.surefire.booter.ForkedBooter.run(ForkedBooter.java:507)
	at org.apache.maven.surefire.booter.ForkedBooter.main(ForkedBooter.java:495)
]]></failure>
  </testcase>
  <testcase name="ValidatesmokeTestWeb" classname="com.tests.automation.java.testng.TestWebTable" time="0.001">
    <system-out><![CDATA[This is WebTable
]]></system-out>
  </testcase>
  <testcase name="testMethodWebTable" classname="com.tests.automation.java.testng.TestWebTable" time="11.071">
    <system-err><![CDATA[Nov 14, 2024 5:29:27 PM org.openqa.selenium.devtools.CdpVersionFinder findNearestMatch
WARNING: Unable to find CDP implementation matching 131
Nov 14, 2024 5:29:27 PM org.openqa.selenium.chromium.ChromiumDriver lambda$new$5
WARNING: Unable to find version of CDP to use for 131.0.6778.70. You may need to include a dependency on a specific version of the CDP using something similar to `org.seleniumhq.selenium:selenium-devtools-v86:4.16.1` where the version ("v86") matches the version of the chromium-based browser you're using and the version number of the artifact is the same as Selenium's.
]]></system-err>
  </testcase>
</testsuite>