<?xml version="1.0" encoding="UTF-8"?>
<!-- Generated by org.testng.reporters.JUnitReportReporter -->
<testsuite hostname="DESKTOP-V1HFTJ3" failures="0" tests="1" name="com.Main.programming.ReverseWithprserve" time="0.008" errors="0" timestamp="2022-12-18T21:35:23 IST" skipped="0">
  <testcase classname="com.Main.programming.ReverseWithprserve" name="Pr" time="0.008"/>
  <system-out/>
</testsuite> <!-- com.Main.programming.ReverseWithprserve -->
