<?xml version="1.0" encoding="UTF-8"?>
<!-- Generated by org.testng.reporters.JUnitReportReporter -->
<testsuite hostname="DESKTOP-V1HFTJ3" failures="0" tests="1" name="JavaProgrammingInternalTCS.StringRepetativeWord" time="0.023" errors="0" timestamp="2024-10-03T13:54:27 IST" skipped="0">
  <testcase classname="JavaProgrammingInternalTCS.StringRepetativeWord" name="RepeativeValue" time="0.023"/>
  <system-out/>
</testsuite> <!-- JavaProgrammingInternalTCS.StringRepetativeWord -->
