<?xml version="1.0" encoding="UTF-8"?>
<!-- Generated by org.testng.reporters.JUnitReportReporter -->
<testsuite hostname="DESKTOP-V1HFTJ3" failures="0" tests="1" name="com.Main.programming.StringReverseDesired" time="0.016" errors="0" timestamp="2022-12-18T10:45:16 IST" skipped="0">
  <testcase classname="com.Main.programming.StringReverseDesired" name="S1" time="0.016"/>
  <system-out/>
</testsuite> <!-- com.Main.programming.StringReverseDesired -->
