<?xml version="1.0" encoding="UTF-8"?>
<!-- Generated by org.testng.reporters.JUnitReportReporter -->
<testsuite hostname="DESKTOP-V1HFTJ3" failures="0" tests="1" name="com.Main.programming.ListwithArrayList" time="0.023" errors="0" timestamp="2022-12-18T12:43:11 IST" skipped="0">
  <testcase classname="com.Main.programming.ListwithArrayList" name="name" time="0.023"/>
  <system-out/>
</testsuite> <!-- com.Main.programming.ListwithArrayList -->
