<?xml version="1.0" encoding="UTF-8"?>
<!-- Generated by org.testng.reporters.JUnitReportReporter -->
<testsuite hostname="DESKTOP-V1HFTJ3" failures="0" tests="1" name="JavaProgrammingInternalTCS.FindrepetativeNum" time="0.011" errors="0" timestamp="2024-10-03T13:07:57 IST" skipped="0">
  <testcase classname="JavaProgrammingInternalTCS.FindrepetativeNum" name="FindRN" time="0.011"/>
  <system-out/>
</testsuite> <!-- JavaProgrammingInternalTCS.FindrepetativeNum -->
