<?xml version="1.0" encoding="UTF-8"?>
<!-- Generated by org.testng.reporters.JUnitReportReporter -->
<testsuite hostname="DESKTOP-V1HFTJ3" failures="0" tests="1" name="JavaString.StringCpncat" time="0.014" errors="0" timestamp="2024-10-17T20:38:13 IST" skipped="0">
  <testcase classname="JavaString.StringCpncat" name="SubString" time="0.014"/>
  <system-out/>
</testsuite> <!-- JavaString.StringCpncat -->
