<?xml version="1.0" encoding="UTF-8"?>
<!-- Generated by org.testng.reporters.JUnitReportReporter -->
<testsuite hostname="DESKTOP-V1HFTJ3" failures="0" tests="1" name="JavaString.FindTotalREpativeString" time="0.013" errors="0" timestamp="2024-10-18T17:33:09 IST" skipped="0">
  <testcase classname="JavaString.FindTotalREpativeString" name="name" time="0.013"/>
  <system-out/>
</testsuite> <!-- JavaString.FindTotalREpativeString -->
