<?xml version="1.0" encoding="UTF-8"?>
<!-- Generated by org.testng.reporters.JUnitReportReporter -->
<testsuite hostname="DESKTOP-V1HFTJ3" failures="0" tests="1" name="com.Main.programming.FindVowals" time="0.008" errors="0" timestamp="2022-12-19T22:04:52 IST" skipped="0">
  <testcase classname="com.Main.programming.FindVowals" name="Vow" time="0.008"/>
  <system-out/>
</testsuite> <!-- com.Main.programming.FindVowals -->
