<?xml version="1.0" encoding="UTF-8"?>
<!-- Generated by org.testng.reporters.JUnitReportReporter -->
<testsuite hostname="DESKTOP-V1HFTJ3" failures="0" tests="5" name="com.Main.programming.ClassTestNG" time="0.021" errors="0" timestamp="2022-12-19T14:40:24 IST" skipped="0">
  <testcase classname="com.Main.programming.ClassTestNG" name="AThisismethodwithminusfive" time="0.006"/>
  <system-out/>
  <testcase classname="com.Main.programming.ClassTestNG" name="AThisismethod" time="0.002"/>
  <system-out/>
  <testcase classname="com.Main.programming.ClassTestNG" name="Thisismethod" time="0.005"/>
  <system-out/>
  <testcase classname="com.Main.programming.ClassTestNG" name="method1" time="0.005"/>
  <system-out/>
  <testcase classname="com.Main.programming.ClassTestNG" name="method2" time="0.003"/>
  <system-out/>
</testsuite> <!-- com.Main.programming.ClassTestNG -->
