<?xml version="1.0" encoding="UTF-8"?>
<!-- Generated by org.testng.reporters.JUnitReportReporter -->
<testsuite hostname="DESKTOP-V1HFTJ3" failures="0" tests="1" name="com.Main.programming.ClassReversewithsameposition" time="0.010" errors="0" timestamp="2022-12-18T20:47:43 IST" skipped="0">
  <testcase classname="com.Main.programming.ClassReversewithsameposition" name="Rev" time="0.010"/>
  <system-out/>
</testsuite> <!-- com.Main.programming.ClassReversewithsameposition -->
