<?xml version="1.0" encoding="UTF-8"?>
<!-- Generated by org.testng.reporters.JUnitReportReporter -->
<testsuite hostname="DESKTOP-V1HFTJ3" failures="0" tests="1" name="com.Main.programming.ClassReverse" time="0.009" errors="0" timestamp="2022-12-18T09:40:08 IST" skipped="0">
  <testcase classname="com.Main.programming.ClassReverse" name="name" time="0.009"/>
  <system-out/>
</testsuite> <!-- com.Main.programming.ClassReverse -->
