<?xml version="1.0" encoding="UTF-8"?>
<!-- Generated by org.testng.reporters.JUnitReportReporter -->
<testsuite hostname="DESKTOP-V1HFTJ3" failures="0" tests="1" name="JavaProgrammingInternalTCS.Reverse" time="0.012" errors="0" timestamp="2024-10-03T13:15:11 IST" skipped="0">
  <testcase classname="JavaProgrammingInternalTCS.Reverse" name="Reverse" time="0.012"/>
  <system-out/>
</testsuite> <!-- JavaProgrammingInternalTCS.Reverse -->
